<?xml version="1.0" encoding="UTF-8"?>
<!-- Generated by org.testng.reporters.JUnitReportReporter -->
<testsuite hostname="DESKTOP-EQS02MH" failures="0" tests="1" name="testCaseLayer.Whishlist_module_TC" time="67.149" errors="0" timestamp="2023-07-04T14:29:38 IST" skipped="0">
  <testcase classname="testCaseLayer.Whishlist_module_TC" name="logOutVerification" time="67.149"/>
  <system-out/>
</testsuite> <!-- testCaseLayer.Whishlist_module_TC -->
