<?xml version="1.0" encoding="UTF-8"?>
<!-- Generated by org.testng.reporters.JUnitReportReporter -->
<testsuite hostname="DESKTOP-EQS02MH" failures="0" tests="1" name="AssertionExample" time="8.536" errors="0" timestamp="2023-03-26T20:53:33 IST" skipped="0">
  <testcase classname="AssertionExample" name="setup" time="8.536"/>
  <system-out/>
</testsuite> <!-- AssertionExample -->
