<?xml version="1.0" encoding="UTF-8"?>
<!-- Generated by org.testng.reporters.JUnitReportReporter -->
<testsuite hostname="DESKTOP-EQS02MH" failures="0" tests="1" name="org.jumia.vtiger.testScripts.TestScript" time="16.791" errors="0" timestamp="2023-07-21T12:14:06 IST" skipped="0">
  <testcase classname="org.jumia.vtiger.testScripts.TestScript" name="verifyImportLead" time="16.791"/>
  <system-out/>
</testsuite> <!-- org.jumia.vtiger.testScripts.TestScript -->
