<?xml version="1.0" encoding="UTF-8"?>
<!-- Generated by org.testng.reporters.JUnitReportReporter -->
<testsuite hostname="DESKTOP-EQS02MH" failures="0" tests="1" name="restAssuredDay1.HTTPRequest" time="4.207" errors="0" timestamp="2023-07-21T11:01:41 IST" skipped="0">
  <testcase classname="restAssuredDay1.HTTPRequest" name="getRequest" time="4.207"/>
  <system-out/>
</testsuite> <!-- restAssuredDay1.HTTPRequest -->
