<?xml version="1.0" encoding="UTF-8"?>
<!-- Generated by org.testng.reporters.JUnitReportReporter -->
<testsuite hostname="DESKTOP-EQS02MH" failures="0" tests="5" name="testngpractise1.GroupingExample" time="0.020" errors="0" timestamp="2023-06-25T21:09:57 IST" skipped="0">
  <testcase classname="testngpractise1.GroupingExample" name="testMethod5" time="0.006"/>
  <system-out/>
  <testcase classname="testngpractise1.GroupingExample" name="testMethod1" time="0.001"/>
  <system-out/>
  <testcase classname="testngpractise1.GroupingExample" name="testMethod4" time="0.004"/>
  <system-out/>
  <testcase classname="testngpractise1.GroupingExample" name="testMethod3" time="0.002"/>
  <system-out/>
  <testcase classname="testngpractise1.GroupingExample" name="testMethod2" time="0.007"/>
  <system-out/>
</testsuite> <!-- testngpractise1.GroupingExample -->
