<?xml version="1.0" encoding="UTF-8"?>
<!-- Generated by org.testng.reporters.JUnitReportReporter -->
<testsuite hostname="DESKTOP-EQS02MH" failures="0" tests="1" name="com.eva.vitger.pages.or.salespage.leads.TestRun" time="0.019" errors="0" timestamp="2023-06-02T11:35:49 IST" skipped="0">
  <testcase classname="com.eva.vitger.pages.or.salespage.leads.TestRun" name="main" time="0.019"/>
  <system-out/>
</testsuite> <!-- com.eva.vitger.pages.or.salespage.leads.TestRun -->
