<?xml version="1.0" encoding="UTF-8"?>
<!-- Generated by org.testng.reporters.JUnitReportReporter -->
<testsuite hostname="DESKTOP-EQS02MH" failures="0" tests="2" name="org.jumia.vtiger.testScripts.TextCase_VtigerAutomate2" time="29.648" errors="0" timestamp="2023-07-17T13:38:13 IST" skipped="0">
  <testcase classname="org.jumia.vtiger.testScripts.TextCase_VtigerAutomate2" name="verifyCreateCampaign" time="15.849"/>
  <system-out/>
  <testcase classname="org.jumia.vtiger.testScripts.TextCase_VtigerAutomate2" name="verifyCreateCampaign" time="13.799"/>
  <system-out/>
</testsuite> <!-- org.jumia.vtiger.testScripts.TextCase_VtigerAutomate2 -->
