<?xml version="1.0" encoding="UTF-8"?>
<!-- Generated by org.testng.reporters.JUnitReportReporter -->
<testsuite hostname="DESKTOP-EQS02MH" failures="0" tests="4" name="testngpractise1.DependencyExample" time="0.022" errors="0" timestamp="2023-04-27T12:47:26 IST" skipped="0">
  <testcase classname="testngpractise1.DependencyExample" name="parkCar" time="0.003"/>
  <system-out/>
  <testcase classname="testngpractise1.DependencyExample" name="driveCar" time="0.003"/>
  <system-out/>
  <testcase classname="testngpractise1.DependencyExample" name="stopCar" time="0.002"/>
  <system-out/>
  <testcase classname="testngpractise1.DependencyExample" name="startCar" time="0.014"/>
  <system-out/>
</testsuite> <!-- testngpractise1.DependencyExample -->
