<?xml version="1.0" encoding="UTF-8"?>
<!-- Generated by org.testng.reporters.JUnitReportReporter -->
<testsuite hostname="DESKTOP-EQS02MH" failures="0" tests="1" name="testngpractise1.FileUpload" time="1.129" errors="0" timestamp="2023-04-30T12:43:03 IST" skipped="0">
  <testcase classname="testngpractise1.FileUpload" name="ReadDataFromExcel" time="1.129"/>
  <system-out/>
</testsuite> <!-- testngpractise1.FileUpload -->
