<?xml version="1.0" encoding="UTF-8"?>
<!-- Generated by org.testng.reporters.JUnitReportReporter -->
<testsuite hostname="DESKTOP-EQS02MH" failures="0" tests="4" name="testngpractise1.PriorityExample" time="0.010" errors="0" timestamp="2023-06-25T21:09:57 IST" skipped="1">
  <testcase classname="testngpractise1.PriorityExample" name="testOne" time="0.004"/>
  <system-out/>
  <testcase classname="testngpractise1.PriorityExample" name="testTwo" time="0.004"/>
  <system-out/>
  <testcase classname="testngpractise1.PriorityExample" name="testThree" time="0.002"/>
  <system-out/>
  <testcase classname="testngpractise1.PriorityExample" name="testFour">
    <skipped/>
  </testcase> <!-- testFour -->
  <system-out/>
</testsuite> <!-- testngpractise1.PriorityExample -->
