<?xml version="1.0" encoding="UTF-8"?>
<!-- Generated by org.testng.reporters.JUnitReportReporter -->
<testsuite hostname="DESKTOP-EQS02MH" failures="0" tests="4" name="testngpractise1.SecondTestNG" time="0.013" errors="0" timestamp="2023-06-25T21:09:57 IST" skipped="0">
  <testcase classname="testngpractise1.SecondTestNG" name="setup" time="0.002"/>
  <system-out/>
  <testcase classname="testngpractise1.SecondTestNG" name="searchCustomer" time="0.006"/>
  <system-out/>
  <testcase classname="testngpractise1.SecondTestNG" name="addCustomer" time="0.001"/>
  <system-out/>
  <testcase classname="testngpractise1.SecondTestNG" name="tearTown" time="0.004"/>
  <system-out/>
</testsuite> <!-- testngpractise1.SecondTestNG -->
