<?xml version="1.0" encoding="UTF-8"?>
<!-- Generated by org.testng.reporters.JUnitReportReporter -->
<testsuite hostname="DESKTOP-EQS02MH" failures="0" tests="2" name="testngpractise1.TC2" time="0.013" errors="0" timestamp="2023-06-25T21:09:57 IST" skipped="0">
  <testcase classname="testngpractise1.TC2" name="test4" time="0.008"/>
  <system-out/>
  <testcase classname="testngpractise1.TC2" name="test3" time="0.005"/>
  <system-out/>
</testsuite> <!-- testngpractise1.TC2 -->
