<?xml version="1.0" encoding="UTF-8"?>
<!-- Generated by org.testng.reporters.JUnitReportReporter -->
<testsuite hostname="DESKTOP-EQS02MH" failures="0" tests="1" name="dataRead.FileUpload" time="1.329" errors="0" timestamp="2023-05-17T15:39:31 IST" skipped="0">
  <testcase classname="dataRead.FileUpload" name="howtoReadFormulaData" time="1.329"/>
  <system-out/>
</testsuite> <!-- dataRead.FileUpload -->
